[CRYPTO-PAPER-FORWARD]
- status: SUCCESS
- recommendations_count: 0
- fills_count: 0
- exits_count: 0
- total_equity: 100.000000
[ARCHIVE] artifacts/crypto_paper/archive/2026-04-28/140008
[ARCHIVE-METADATA] artifacts/crypto_paper/archive/2026-04-28/140008/run_metadata.json
[ARCHIVE-LOG] artifacts/crypto_paper/archive/2026-04-28/140008/run.log
[CRYPTO-PAPER-FORWARD]
- status: SUCCESS
- recommendations_count: 0
- fills_count: 0
- exits_count: 0
- total_equity: 100.000000
[ARCHIVE] artifacts/crypto_paper/archive/2026-04-28/143008
[ARCHIVE-METADATA] artifacts/crypto_paper/archive/2026-04-28/143008/run_metadata.json
[ARCHIVE-LOG] artifacts/crypto_paper/archive/2026-04-28/143008/run.log
[CRYPTO-PAPER-FORWARD]
- status: SUCCESS
- recommendations_count: 1
- fills_count: 1
- exits_count: 0
- total_equity: 99.962506
[ARCHIVE] artifacts/crypto_paper/archive/2026-04-28/150005
[ARCHIVE-METADATA] artifacts/crypto_paper/archive/2026-04-28/150005/run_metadata.json
[ARCHIVE-LOG] artifacts/crypto_paper/archive/2026-04-28/150005/run.log
[CRYPTO-PAPER-FORWARD]
- status: SUCCESS
- recommendations_count: 0
- fills_count: 0
- exits_count: 0
- total_equity: 99.971605
[ARCHIVE] artifacts/crypto_paper/archive/2026-04-28/153007
[ARCHIVE-METADATA] artifacts/crypto_paper/archive/2026-04-28/153007/run_metadata.json
[ARCHIVE-LOG] artifacts/crypto_paper/archive/2026-04-28/153007/run.log
[CRYPTO-PAPER-FORWARD]
- status: SUCCESS
- recommendations_count: 0
- fills_count: 0
- exits_count: 0
- total_equity: 99.953661
[ARCHIVE] artifacts/crypto_paper/archive/2026-04-28/163007
[ARCHIVE-METADATA] artifacts/crypto_paper/archive/2026-04-28/163007/run_metadata.json
[ARCHIVE-LOG] artifacts/crypto_paper/archive/2026-04-28/163007/run.log
[CRYPTO-PAPER-FORWARD]
- status: SUCCESS
- recommendations_count: 0
- fills_count: 0
- exits_count: 0
- total_equity: 100.005409
[ARCHIVE] artifacts/crypto_paper/archive/2026-04-28/170007
[ARCHIVE-METADATA] artifacts/crypto_paper/archive/2026-04-28/170007/run_metadata.json
[ARCHIVE-LOG] artifacts/crypto_paper/archive/2026-04-28/170007/run.log
[CRYPTO-PAPER-FORWARD]
- status: SUCCESS
- recommendations_count: 0
- fills_count: 0
- exits_count: 0
- total_equity: 100.005409
[ARCHIVE] artifacts/crypto_paper/archive/2026-04-28/173007
[ARCHIVE-METADATA] artifacts/crypto_paper/archive/2026-04-28/173007/run_metadata.json
[ARCHIVE-LOG] artifacts/crypto_paper/archive/2026-04-28/173007/run.log
[CRYPTO-PAPER-FORWARD]
- status: SUCCESS
- recommendations_count: 0
- fills_count: 0
- exits_count: 0
- total_equity: 100.005409
[ARCHIVE] artifacts/crypto_paper/archive/2026-04-28/180008
[ARCHIVE-METADATA] artifacts/crypto_paper/archive/2026-04-28/180008/run_metadata.json
[ARCHIVE-LOG] artifacts/crypto_paper/archive/2026-04-28/180008/run.log
[CRYPTO-PAPER-FORWARD]
- status: SUCCESS
- recommendations_count: 0
- fills_count: 0
- exits_count: 0
- total_equity: 100.020861
[ARCHIVE] artifacts/crypto_paper/archive/2026-04-28/193007
[ARCHIVE-METADATA] artifacts/crypto_paper/archive/2026-04-28/193007/run_metadata.json
[ARCHIVE-LOG] artifacts/crypto_paper/archive/2026-04-28/193007/run.log
[CRYPTO-PAPER-FORWARD]
- status: SUCCESS
- recommendations_count: 1
- fills_count: 1
- exits_count: 0
- total_equity: 100.056792
[ARCHIVE] artifacts/crypto_paper/archive/2026-04-28/200009
[ARCHIVE-METADATA] artifacts/crypto_paper/archive/2026-04-28/200009/run_metadata.json
[ARCHIVE-LOG] artifacts/crypto_paper/archive/2026-04-28/200009/run.log
[CRYPTO-PAPER-FORWARD]
- status: SUCCESS
- recommendations_count: 0
- fills_count: 0
- exits_count: 0
- total_equity: 100.042237
[ARCHIVE] artifacts/crypto_paper/archive/2026-04-28/203008
[ARCHIVE-METADATA] artifacts/crypto_paper/archive/2026-04-28/203008/run_metadata.json
[ARCHIVE-LOG] artifacts/crypto_paper/archive/2026-04-28/203008/run.log
[CRYPTO-PAPER-FORWARD]
- status: SUCCESS
- recommendations_count: 0
- fills_count: 0
- exits_count: 0
- total_equity: 100.105778
[ARCHIVE] artifacts/crypto_paper/archive/2026-04-28/210007
[ARCHIVE-METADATA] artifacts/crypto_paper/archive/2026-04-28/210007/run_metadata.json
[ARCHIVE-LOG] artifacts/crypto_paper/archive/2026-04-28/210007/run.log
[CRYPTO-PAPER-FORWARD]
- status: SUCCESS
- recommendations_count: 0
- fills_count: 0
- exits_count: 0
- total_equity: 99.999089
[ARCHIVE] artifacts/crypto_paper/archive/2026-04-28/213004
[ARCHIVE-METADATA] artifacts/crypto_paper/archive/2026-04-28/213004/run_metadata.json
[ARCHIVE-LOG] artifacts/crypto_paper/archive/2026-04-28/213004/run.log
[CRYPTO-PAPER-FORWARD]
- status: SUCCESS
- recommendations_count: 1
- fills_count: 1
- exits_count: 0
- total_equity: 100.005215
[ARCHIVE] artifacts/crypto_paper/archive/2026-04-28/220008
[ARCHIVE-METADATA] artifacts/crypto_paper/archive/2026-04-28/220008/run_metadata.json
[ARCHIVE-LOG] artifacts/crypto_paper/archive/2026-04-28/220008/run.log
[CRYPTO-PAPER-FORWARD]
- status: SUCCESS
- recommendations_count: 0
- fills_count: 0
- exits_count: 0
- total_equity: 99.984255
[ARCHIVE] artifacts/crypto_paper/archive/2026-04-28/223026
[ARCHIVE-METADATA] artifacts/crypto_paper/archive/2026-04-28/223026/run_metadata.json
[ARCHIVE-LOG] artifacts/crypto_paper/archive/2026-04-28/223026/run.log
[CRYPTO-PAPER-FORWARD]
- status: SUCCESS
- recommendations_count: 0
- fills_count: 0
- exits_count: 0
- total_equity: 99.870643
[ARCHIVE] artifacts/crypto_paper/archive/2026-04-28/230009
[ARCHIVE-METADATA] artifacts/crypto_paper/archive/2026-04-28/230009/run_metadata.json
[ARCHIVE-LOG] artifacts/crypto_paper/archive/2026-04-28/230009/run.log
[CRYPTO-PAPER-FORWARD]
- status: SUCCESS
- recommendations_count: 0
- fills_count: 0
- exits_count: 0
- total_equity: 100.777924
[ARCHIVE] artifacts/crypto_paper/archive/2026-04-29/123007
[ARCHIVE-METADATA] artifacts/crypto_paper/archive/2026-04-29/123007/run_metadata.json
[ARCHIVE-LOG] artifacts/crypto_paper/archive/2026-04-29/123007/run.log
[CRYPTO-PAPER-FORWARD]
- status: SUCCESS
- recommendations_count: 0
- fills_count: 0
- exits_count: 0
- total_equity: 100.775053
[ARCHIVE] artifacts/crypto_paper/archive/2026-04-29/130008
[ARCHIVE-METADATA] artifacts/crypto_paper/archive/2026-04-29/130008/run_metadata.json
[ARCHIVE-LOG] artifacts/crypto_paper/archive/2026-04-29/130008/run.log
[CRYPTO-PAPER-FORWARD]
- status: SUCCESS
- recommendations_count: 0
- fills_count: 0
- exits_count: 0
- total_equity: 100.499931
[ARCHIVE] artifacts/crypto_paper/archive/2026-04-29/133008
[ARCHIVE-METADATA] artifacts/crypto_paper/archive/2026-04-29/133008/run_metadata.json
[ARCHIVE-LOG] artifacts/crypto_paper/archive/2026-04-29/133008/run.log
[CRYPTO-PAPER-FORWARD]
- status: SUCCESS
- recommendations_count: 0
- fills_count: 0
- exits_count: 0
- total_equity: 100.371651
[ARCHIVE] artifacts/crypto_paper/archive/2026-04-29/140004
[ARCHIVE-METADATA] artifacts/crypto_paper/archive/2026-04-29/140004/run_metadata.json
[ARCHIVE-LOG] artifacts/crypto_paper/archive/2026-04-29/140004/run.log
[CRYPTO-PAPER-FORWARD]
- status: SUCCESS
- recommendations_count: 0
- fills_count: 0
- exits_count: 0
- total_equity: 100.324097
[ARCHIVE] artifacts/crypto_paper/archive/2026-04-29/143005
[ARCHIVE-METADATA] artifacts/crypto_paper/archive/2026-04-29/143005/run_metadata.json
[ARCHIVE-LOG] artifacts/crypto_paper/archive/2026-04-29/143005/run.log
[CRYPTO-PAPER-FORWARD]
- status: SUCCESS
- recommendations_count: 0
- fills_count: 0
- exits_count: 0
- total_equity: 100.198373
[ARCHIVE] artifacts/crypto_paper/archive/2026-04-29/150008
[ARCHIVE-METADATA] artifacts/crypto_paper/archive/2026-04-29/150008/run_metadata.json
[ARCHIVE-LOG] artifacts/crypto_paper/archive/2026-04-29/150008/run.log
[CRYPTO-PAPER-FORWARD]
- status: SUCCESS
- recommendations_count: 0
- fills_count: 0
- exits_count: 0
- total_equity: 99.907668
[ARCHIVE] artifacts/crypto_paper/archive/2026-04-29/153008
[ARCHIVE-METADATA] artifacts/crypto_paper/archive/2026-04-29/153008/run_metadata.json
[ARCHIVE-LOG] artifacts/crypto_paper/archive/2026-04-29/153008/run.log
[CRYPTO-PAPER-FORWARD]
- status: SUCCESS
- recommendations_count: 0
- fills_count: 0
- exits_count: 0
- total_equity: 99.508238
[ARCHIVE] artifacts/crypto_paper/archive/2026-04-29/160008
[ARCHIVE-METADATA] artifacts/crypto_paper/archive/2026-04-29/160008/run_metadata.json
[ARCHIVE-LOG] artifacts/crypto_paper/archive/2026-04-29/160008/run.log
[CRYPTO-PAPER-FORWARD]
- status: SUCCESS
- recommendations_count: 0
- fills_count: 0
- exits_count: 0
- total_equity: 99.455827
[ARCHIVE] artifacts/crypto_paper/archive/2026-04-29/163005
[ARCHIVE-METADATA] artifacts/crypto_paper/archive/2026-04-29/163005/run_metadata.json
[ARCHIVE-LOG] artifacts/crypto_paper/archive/2026-04-29/163005/run.log
[CRYPTO-PAPER-FORWARD]
- status: SUCCESS
- recommendations_count: 0
- fills_count: 0
- exits_count: 0
- total_equity: 99.469778
[ARCHIVE] artifacts/crypto_paper/archive/2026-04-29/170005
[ARCHIVE-METADATA] artifacts/crypto_paper/archive/2026-04-29/170005/run_metadata.json
[ARCHIVE-LOG] artifacts/crypto_paper/archive/2026-04-29/170005/run.log
[CRYPTO-PAPER-FORWARD]
- status: SUCCESS
- recommendations_count: 0
- fills_count: 0
- exits_count: 0
- total_equity: 99.527193
[ARCHIVE] artifacts/crypto_paper/archive/2026-04-29/173009
[ARCHIVE-METADATA] artifacts/crypto_paper/archive/2026-04-29/173009/run_metadata.json
[ARCHIVE-LOG] artifacts/crypto_paper/archive/2026-04-29/173009/run.log
[CRYPTO-PAPER-FORWARD]
- status: SUCCESS
- recommendations_count: 0
- fills_count: 0
- exits_count: 0
- total_equity: 99.751762
[ARCHIVE] artifacts/crypto_paper/archive/2026-04-29/180009
[ARCHIVE-METADATA] artifacts/crypto_paper/archive/2026-04-29/180009/run_metadata.json
[ARCHIVE-LOG] artifacts/crypto_paper/archive/2026-04-29/180009/run.log
[CRYPTO-PAPER-FORWARD]
- status: SUCCESS
- recommendations_count: 0
- fills_count: 0
- exits_count: 0
- total_equity: 98.805687
[ARCHIVE] artifacts/crypto_paper/archive/2026-04-29/183008
[ARCHIVE-METADATA] artifacts/crypto_paper/archive/2026-04-29/183008/run_metadata.json
[ARCHIVE-LOG] artifacts/crypto_paper/archive/2026-04-29/183008/run.log
[CRYPTO-PAPER-FORWARD]
- status: SUCCESS
- recommendations_count: 0
- fills_count: 0
- exits_count: 0
- total_equity: 99.157808
[ARCHIVE] artifacts/crypto_paper/archive/2026-04-29/190005
[ARCHIVE-METADATA] artifacts/crypto_paper/archive/2026-04-29/190005/run_metadata.json
[ARCHIVE-LOG] artifacts/crypto_paper/archive/2026-04-29/190005/run.log
[CRYPTO-PAPER-FORWARD]
- status: SUCCESS
- recommendations_count: 0
- fills_count: 0
- exits_count: 0
- total_equity: 99.160826
[ARCHIVE] artifacts/crypto_paper/archive/2026-04-29/193005
[ARCHIVE-METADATA] artifacts/crypto_paper/archive/2026-04-29/193005/run_metadata.json
[ARCHIVE-LOG] artifacts/crypto_paper/archive/2026-04-29/193005/run.log
[CRYPTO-PAPER-FORWARD]
- status: SUCCESS
- recommendations_count: 1
- fills_count: 0
- exits_count: 0
- total_equity: 99.261264
[ARCHIVE] artifacts/crypto_paper/archive/2026-04-29/200005
[ARCHIVE-METADATA] artifacts/crypto_paper/archive/2026-04-29/200005/run_metadata.json
[ARCHIVE-LOG] artifacts/crypto_paper/archive/2026-04-29/200005/run.log
[CRYPTO-PAPER-FORWARD]
- status: SUCCESS
- recommendations_count: 0
- fills_count: 0
- exits_count: 0
- total_equity: 99.281684
[ARCHIVE] artifacts/crypto_paper/archive/2026-04-29/210007
[ARCHIVE-METADATA] artifacts/crypto_paper/archive/2026-04-29/210007/run_metadata.json
[ARCHIVE-LOG] artifacts/crypto_paper/archive/2026-04-29/210007/run.log
[CRYPTO-PAPER-FORWARD]
- status: SUCCESS
- recommendations_count: 0
- fills_count: 0
- exits_count: 0
- total_equity: 99.469473
[ARCHIVE] artifacts/crypto_paper/archive/2026-04-29/213007
[ARCHIVE-METADATA] artifacts/crypto_paper/archive/2026-04-29/213007/run_metadata.json
[ARCHIVE-LOG] artifacts/crypto_paper/archive/2026-04-29/213007/run.log
[CRYPTO-PAPER-FORWARD]
- status: SUCCESS
- recommendations_count: 0
- fills_count: 0
- exits_count: 0
- total_equity: 99.581374
[ARCHIVE] artifacts/crypto_paper/archive/2026-04-29/230007
[ARCHIVE-METADATA] artifacts/crypto_paper/archive/2026-04-29/230007/run_metadata.json
[ARCHIVE-LOG] artifacts/crypto_paper/archive/2026-04-29/230007/run.log
[CRYPTO-PAPER-FORWARD]
- status: SUCCESS
- recommendations_count: 0
- fills_count: 0
- exits_count: 0
- total_equity: 99.987706
[ARCHIVE] artifacts/crypto_paper/archive/2026-04-30/123004
[ARCHIVE-METADATA] artifacts/crypto_paper/archive/2026-04-30/123004/run_metadata.json
[ARCHIVE-LOG] artifacts/crypto_paper/archive/2026-04-30/123004/run.log
[CRYPTO-PAPER-FORWARD]
- status: SUCCESS
- recommendations_count: 0
- fills_count: 0
- exits_count: 0
- total_equity: 99.978946
[ARCHIVE] artifacts/crypto_paper/archive/2026-04-30/130007
[ARCHIVE-METADATA] artifacts/crypto_paper/archive/2026-04-30/130007/run_metadata.json
[ARCHIVE-LOG] artifacts/crypto_paper/archive/2026-04-30/130007/run.log
[CRYPTO-PAPER-FORWARD]
- status: SUCCESS
- recommendations_count: 0
- fills_count: 0
- exits_count: 0
- total_equity: 99.781364
[ARCHIVE] artifacts/crypto_paper/archive/2026-04-30/133006
[ARCHIVE-METADATA] artifacts/crypto_paper/archive/2026-04-30/133006/run_metadata.json
[ARCHIVE-LOG] artifacts/crypto_paper/archive/2026-04-30/133006/run.log
[CRYPTO-PAPER-FORWARD]
- status: SUCCESS
- recommendations_count: 0
- fills_count: 0
- exits_count: 0
- total_equity: 100.080072
[ARCHIVE] artifacts/crypto_paper/archive/2026-04-30/140009
[ARCHIVE-METADATA] artifacts/crypto_paper/archive/2026-04-30/140009/run_metadata.json
[ARCHIVE-LOG] artifacts/crypto_paper/archive/2026-04-30/140009/run.log
[CRYPTO-PAPER-FORWARD]
- status: SUCCESS
- recommendations_count: 0
- fills_count: 0
- exits_count: 0
- total_equity: 99.946827
[ARCHIVE] artifacts/crypto_paper/archive/2026-04-30/143008
[ARCHIVE-METADATA] artifacts/crypto_paper/archive/2026-04-30/143008/run_metadata.json
[ARCHIVE-LOG] artifacts/crypto_paper/archive/2026-04-30/143008/run.log
[CRYPTO-PAPER-FORWARD]
- status: SUCCESS
- recommendations_count: 0
- fills_count: 0
- exits_count: 0
- total_equity: 99.992444
[ARCHIVE] artifacts/crypto_paper/archive/2026-04-30/150005
[ARCHIVE-METADATA] artifacts/crypto_paper/archive/2026-04-30/150005/run_metadata.json
[ARCHIVE-LOG] artifacts/crypto_paper/archive/2026-04-30/150005/run.log
[CRYPTO-PAPER-FORWARD]
- status: SUCCESS
- recommendations_count: 1
- fills_count: 0
- exits_count: 0
- total_equity: 100.161338
[ARCHIVE] artifacts/crypto_paper/archive/2026-04-30/153005
[ARCHIVE-METADATA] artifacts/crypto_paper/archive/2026-04-30/153005/run_metadata.json
[ARCHIVE-LOG] artifacts/crypto_paper/archive/2026-04-30/153005/run.log
[CRYPTO-PAPER-FORWARD]
- status: SUCCESS
- recommendations_count: 0
- fills_count: 0
- exits_count: 0
- total_equity: 100.100777
[ARCHIVE] artifacts/crypto_paper/archive/2026-04-30/160008
[ARCHIVE-METADATA] artifacts/crypto_paper/archive/2026-04-30/160008/run_metadata.json
[ARCHIVE-LOG] artifacts/crypto_paper/archive/2026-04-30/160008/run.log
[CRYPTO-PAPER-FORWARD]
- status: SUCCESS
- recommendations_count: 0
- fills_count: 0
- exits_count: 0
- total_equity: 100.007103
[ARCHIVE] artifacts/crypto_paper/archive/2026-04-30/163008
[ARCHIVE-METADATA] artifacts/crypto_paper/archive/2026-04-30/163008/run_metadata.json
[ARCHIVE-LOG] artifacts/crypto_paper/archive/2026-04-30/163008/run.log
[CRYPTO-PAPER-FORWARD]
- status: SUCCESS
- recommendations_count: 0
- fills_count: 0
- exits_count: 0
- total_equity: 99.873435
[ARCHIVE] artifacts/crypto_paper/archive/2026-04-30/170008
[ARCHIVE-METADATA] artifacts/crypto_paper/archive/2026-04-30/170008/run_metadata.json
[ARCHIVE-LOG] artifacts/crypto_paper/archive/2026-04-30/170008/run.log
[CRYPTO-PAPER-FORWARD]
- status: SUCCESS
- recommendations_count: 0
- fills_count: 0
- exits_count: 0
- total_equity: 99.793388
[ARCHIVE] artifacts/crypto_paper/archive/2026-04-30/173005
[ARCHIVE-METADATA] artifacts/crypto_paper/archive/2026-04-30/173005/run_metadata.json
[ARCHIVE-LOG] artifacts/crypto_paper/archive/2026-04-30/173005/run.log
[CRYPTO-PAPER-FORWARD]
- status: SUCCESS
- recommendations_count: 0
- fills_count: 0
- exits_count: 0
- total_equity: 99.893737
[ARCHIVE] artifacts/crypto_paper/archive/2026-04-30/180008
[ARCHIVE-METADATA] artifacts/crypto_paper/archive/2026-04-30/180008/run_metadata.json
[ARCHIVE-LOG] artifacts/crypto_paper/archive/2026-04-30/180008/run.log
[CRYPTO-PAPER-FORWARD]
- status: SUCCESS
- recommendations_count: 0
- fills_count: 0
- exits_count: 0
- total_equity: 99.920115
[ARCHIVE] artifacts/crypto_paper/archive/2026-04-30/183008
[ARCHIVE-METADATA] artifacts/crypto_paper/archive/2026-04-30/183008/run_metadata.json
[ARCHIVE-LOG] artifacts/crypto_paper/archive/2026-04-30/183008/run.log
[CRYPTO-PAPER-FORWARD]
- status: SUCCESS
- recommendations_count: 0
- fills_count: 0
- exits_count: 0
- total_equity: 100.120351
[ARCHIVE] artifacts/crypto_paper/archive/2026-04-30/193007
[ARCHIVE-METADATA] artifacts/crypto_paper/archive/2026-04-30/193007/run_metadata.json
[ARCHIVE-LOG] artifacts/crypto_paper/archive/2026-04-30/193007/run.log
[CRYPTO-PAPER-FORWARD]
- status: SUCCESS
- recommendations_count: 0
- fills_count: 0
- exits_count: 0
- total_equity: 100.024632
[ARCHIVE] artifacts/crypto_paper/archive/2026-04-30/200007
[ARCHIVE-METADATA] artifacts/crypto_paper/archive/2026-04-30/200007/run_metadata.json
[ARCHIVE-LOG] artifacts/crypto_paper/archive/2026-04-30/200007/run.log
[CRYPTO-PAPER-FORWARD]
- status: SUCCESS
- recommendations_count: 0
- fills_count: 0
- exits_count: 0
- total_equity: 100.097267
[ARCHIVE] artifacts/crypto_paper/archive/2026-04-30/203007
[ARCHIVE-METADATA] artifacts/crypto_paper/archive/2026-04-30/203007/run_metadata.json
[ARCHIVE-LOG] artifacts/crypto_paper/archive/2026-04-30/203007/run.log
[CRYPTO-PAPER-FORWARD]
- status: SUCCESS
- recommendations_count: 0
- fills_count: 0
- exits_count: 0
- total_equity: 100.127764
[ARCHIVE] artifacts/crypto_paper/archive/2026-04-30/210007
[ARCHIVE-METADATA] artifacts/crypto_paper/archive/2026-04-30/210007/run_metadata.json
[ARCHIVE-LOG] artifacts/crypto_paper/archive/2026-04-30/210007/run.log
[CRYPTO-PAPER-FORWARD]
- status: SUCCESS
- recommendations_count: 0
- fills_count: 0
- exits_count: 0
- total_equity: 99.975426
[ARCHIVE] artifacts/crypto_paper/archive/2026-04-30/213006
[ARCHIVE-METADATA] artifacts/crypto_paper/archive/2026-04-30/213006/run_metadata.json
[ARCHIVE-LOG] artifacts/crypto_paper/archive/2026-04-30/213006/run.log
[CRYPTO-PAPER-FORWARD]
- status: SUCCESS
- recommendations_count: 0
- fills_count: 0
- exits_count: 0
- total_equity: 99.910411
[ARCHIVE] artifacts/crypto_paper/archive/2026-04-30/220004
[ARCHIVE-METADATA] artifacts/crypto_paper/archive/2026-04-30/220004/run_metadata.json
[ARCHIVE-LOG] artifacts/crypto_paper/archive/2026-04-30/220004/run.log
[CRYPTO-PAPER-FORWARD]
- status: SUCCESS
- recommendations_count: 0
- fills_count: 0
- exits_count: 0
- total_equity: 100.075736
[ARCHIVE] artifacts/crypto_paper/archive/2026-04-30/223007
[ARCHIVE-METADATA] artifacts/crypto_paper/archive/2026-04-30/223007/run_metadata.json
[ARCHIVE-LOG] artifacts/crypto_paper/archive/2026-04-30/223007/run.log
[CRYPTO-PAPER-FORWARD]
- status: SUCCESS
- recommendations_count: 1
- fills_count: 0
- exits_count: 0
- total_equity: 99.961397
[ARCHIVE] artifacts/crypto_paper/archive/2026-04-30/230007
[ARCHIVE-METADATA] artifacts/crypto_paper/archive/2026-04-30/230007/run_metadata.json
[ARCHIVE-LOG] artifacts/crypto_paper/archive/2026-04-30/230007/run.log
[CRYPTO-PAPER-FORWARD]
- status: SUCCESS
- recommendations_count: 0
- fills_count: 0
- exits_count: 0
- total_equity: 99.966047
[ARCHIVE] artifacts/crypto_paper/archive/2026-04-30/233007
[ARCHIVE-METADATA] artifacts/crypto_paper/archive/2026-04-30/233007/run_metadata.json
[ARCHIVE-LOG] artifacts/crypto_paper/archive/2026-04-30/233007/run.log
[CRYPTO-PAPER-FORWARD]
- status: SUCCESS
- recommendations_count: 0
- fills_count: 0
- exits_count: 0
- total_equity: 100.006513
[ARCHIVE] artifacts/crypto_paper/archive/2026-05-01/000007
[ARCHIVE-METADATA] artifacts/crypto_paper/archive/2026-05-01/000007/run_metadata.json
[ARCHIVE-LOG] artifacts/crypto_paper/archive/2026-05-01/000007/run.log
[CRYPTO-PAPER-FORWARD]
- status: SUCCESS
- recommendations_count: 1
- fills_count: 0
- exits_count: 0
- total_equity: 100.166460
[ARCHIVE] artifacts/crypto_paper/archive/2026-05-01/003004
[ARCHIVE-METADATA] artifacts/crypto_paper/archive/2026-05-01/003004/run_metadata.json
[ARCHIVE-LOG] artifacts/crypto_paper/archive/2026-05-01/003004/run.log
[CRYPTO-PAPER-FORWARD]
- status: SUCCESS
- recommendations_count: 0
- fills_count: 0
- exits_count: 0
- total_equity: 100.085538
[ARCHIVE] artifacts/crypto_paper/archive/2026-05-01/010007
[ARCHIVE-METADATA] artifacts/crypto_paper/archive/2026-05-01/010007/run_metadata.json
[ARCHIVE-LOG] artifacts/crypto_paper/archive/2026-05-01/010007/run.log
[CRYPTO-PAPER-FORWARD]
- status: SUCCESS
- recommendations_count: 0
- fills_count: 0
- exits_count: 0
- total_equity: 100.329838
[ARCHIVE] artifacts/crypto_paper/archive/2026-05-01/020004
[ARCHIVE-METADATA] artifacts/crypto_paper/archive/2026-05-01/020004/run_metadata.json
[ARCHIVE-LOG] artifacts/crypto_paper/archive/2026-05-01/020004/run.log
[CRYPTO-PAPER-FORWARD]
- status: SUCCESS
- recommendations_count: 0
- fills_count: 0
- exits_count: 0
- total_equity: 100.272610
[ARCHIVE] artifacts/crypto_paper/archive/2026-05-01/023007
[ARCHIVE-METADATA] artifacts/crypto_paper/archive/2026-05-01/023007/run_metadata.json
[ARCHIVE-LOG] artifacts/crypto_paper/archive/2026-05-01/023007/run.log
[CRYPTO-PAPER-FORWARD]
- status: SUCCESS
- recommendations_count: 0
- fills_count: 0
- exits_count: 0
- total_equity: 101.002935
[ARCHIVE] artifacts/crypto_paper/archive/2026-05-01/113001
[ARCHIVE-METADATA] artifacts/crypto_paper/archive/2026-05-01/113001/run_metadata.json
[ARCHIVE-LOG] artifacts/crypto_paper/archive/2026-05-01/113001/run.log
[CRYPTO-PAPER-FORWARD]
- status: SUCCESS
- recommendations_count: 1
- fills_count: 0
- exits_count: 0
- total_equity: 101.097247
[ARCHIVE] artifacts/crypto_paper/archive/2026-05-01/120004
[ARCHIVE-METADATA] artifacts/crypto_paper/archive/2026-05-01/120004/run_metadata.json
[ARCHIVE-LOG] artifacts/crypto_paper/archive/2026-05-01/120004/run.log
[CRYPTO-PAPER-FORWARD]
- status: SUCCESS
- recommendations_count: 0
- fills_count: 0
- exits_count: 0
- total_equity: 101.400133
[ARCHIVE] artifacts/crypto_paper/archive/2026-05-01/123004
[ARCHIVE-METADATA] artifacts/crypto_paper/archive/2026-05-01/123004/run_metadata.json
[ARCHIVE-LOG] artifacts/crypto_paper/archive/2026-05-01/123004/run.log
[CRYPTO-PAPER-FORWARD]
- status: SUCCESS
- recommendations_count: 0
- fills_count: 0
- exits_count: 0
- total_equity: 101.585219
[ARCHIVE] artifacts/crypto_paper/archive/2026-05-01/130004
[ARCHIVE-METADATA] artifacts/crypto_paper/archive/2026-05-01/130004/run_metadata.json
[ARCHIVE-LOG] artifacts/crypto_paper/archive/2026-05-01/130004/run.log
[CRYPTO-PAPER-FORWARD]
- status: SUCCESS
- recommendations_count: 0
- fills_count: 0
- exits_count: 0
- total_equity: 101.855690
[ARCHIVE] artifacts/crypto_paper/archive/2026-05-01/133004
[ARCHIVE-METADATA] artifacts/crypto_paper/archive/2026-05-01/133004/run_metadata.json
[ARCHIVE-LOG] artifacts/crypto_paper/archive/2026-05-01/133004/run.log
[CRYPTO-PAPER-FORWARD]
- status: SUCCESS
- recommendations_count: 0
- fills_count: 0
- exits_count: 0
- total_equity: 102.335286
[ARCHIVE] artifacts/crypto_paper/archive/2026-05-01/140004
[ARCHIVE-METADATA] artifacts/crypto_paper/archive/2026-05-01/140004/run_metadata.json
[ARCHIVE-LOG] artifacts/crypto_paper/archive/2026-05-01/140004/run.log
[CRYPTO-PAPER-FORWARD]
- status: SUCCESS
- recommendations_count: 0
- fills_count: 0
- exits_count: 0
- total_equity: 101.865512
[ARCHIVE] artifacts/crypto_paper/archive/2026-05-01/143004
[ARCHIVE-METADATA] artifacts/crypto_paper/archive/2026-05-01/143004/run_metadata.json
[ARCHIVE-LOG] artifacts/crypto_paper/archive/2026-05-01/143004/run.log
[CRYPTO-PAPER-FORWARD]
- status: SUCCESS
- recommendations_count: 0
- fills_count: 0
- exits_count: 0
- total_equity: 101.942453
[ARCHIVE] artifacts/crypto_paper/archive/2026-05-01/150004
[ARCHIVE-METADATA] artifacts/crypto_paper/archive/2026-05-01/150004/run_metadata.json
[ARCHIVE-LOG] artifacts/crypto_paper/archive/2026-05-01/150004/run.log
[CRYPTO-PAPER-FORWARD]
- status: SUCCESS
- recommendations_count: 1
- fills_count: 0
- exits_count: 0
- total_equity: 102.155125
[ARCHIVE] artifacts/crypto_paper/archive/2026-05-01/153007
[ARCHIVE-METADATA] artifacts/crypto_paper/archive/2026-05-01/153007/run_metadata.json
[ARCHIVE-LOG] artifacts/crypto_paper/archive/2026-05-01/153007/run.log
[CRYPTO-PAPER-FORWARD]
- status: SUCCESS
- recommendations_count: 1
- fills_count: 0
- exits_count: 0
- total_equity: 102.096373
[ARCHIVE] artifacts/crypto_paper/archive/2026-05-01/160007
[ARCHIVE-METADATA] artifacts/crypto_paper/archive/2026-05-01/160007/run_metadata.json
[ARCHIVE-LOG] artifacts/crypto_paper/archive/2026-05-01/160007/run.log
[CRYPTO-PAPER-FORWARD]
- status: SUCCESS
- recommendations_count: 0
- fills_count: 0
- exits_count: 0
- total_equity: 101.932356
[ARCHIVE] artifacts/crypto_paper/archive/2026-05-01/163008
[ARCHIVE-METADATA] artifacts/crypto_paper/archive/2026-05-01/163008/run_metadata.json
[ARCHIVE-LOG] artifacts/crypto_paper/archive/2026-05-01/163008/run.log
[CRYPTO-PAPER-FORWARD]
- status: SUCCESS
- recommendations_count: 0
- fills_count: 0
- exits_count: 0
- total_equity: 101.818872
[ARCHIVE] artifacts/crypto_paper/archive/2026-05-01/170007
[ARCHIVE-METADATA] artifacts/crypto_paper/archive/2026-05-01/170007/run_metadata.json
[ARCHIVE-LOG] artifacts/crypto_paper/archive/2026-05-01/170007/run.log
[CRYPTO-PAPER-FORWARD]
- status: SUCCESS
- recommendations_count: 0
- fills_count: 0
- exits_count: 0
- total_equity: 101.856506
[ARCHIVE] artifacts/crypto_paper/archive/2026-05-01/173007
[ARCHIVE-METADATA] artifacts/crypto_paper/archive/2026-05-01/173007/run_metadata.json
[ARCHIVE-LOG] artifacts/crypto_paper/archive/2026-05-01/173007/run.log
[CRYPTO-PAPER-FORWARD]
- status: SUCCESS
- recommendations_count: 1
- fills_count: 0
- exits_count: 0
- total_equity: 102.173667
[ARCHIVE] artifacts/crypto_paper/archive/2026-05-01/180007
[ARCHIVE-METADATA] artifacts/crypto_paper/archive/2026-05-01/180007/run_metadata.json
[ARCHIVE-LOG] artifacts/crypto_paper/archive/2026-05-01/180007/run.log
[CRYPTO-PAPER-FORWARD]
- status: SUCCESS
- recommendations_count: 0
- fills_count: 0
- exits_count: 0
- total_equity: 102.178190
[ARCHIVE] artifacts/crypto_paper/archive/2026-05-01/183007
[ARCHIVE-METADATA] artifacts/crypto_paper/archive/2026-05-01/183007/run_metadata.json
[ARCHIVE-LOG] artifacts/crypto_paper/archive/2026-05-01/183007/run.log
[CRYPTO-PAPER-FORWARD]
- status: SUCCESS
- recommendations_count: 0
- fills_count: 0
- exits_count: 0
- total_equity: 102.048111
[ARCHIVE] artifacts/crypto_paper/archive/2026-05-01/190007
[ARCHIVE-METADATA] artifacts/crypto_paper/archive/2026-05-01/190007/run_metadata.json
[ARCHIVE-LOG] artifacts/crypto_paper/archive/2026-05-01/190007/run.log
[CRYPTO-PAPER-FORWARD]
- status: SUCCESS
- recommendations_count: 0
- fills_count: 0
- exits_count: 0
- total_equity: 102.018036
[ARCHIVE] artifacts/crypto_paper/archive/2026-05-01/193007
[ARCHIVE-METADATA] artifacts/crypto_paper/archive/2026-05-01/193007/run_metadata.json
[ARCHIVE-LOG] artifacts/crypto_paper/archive/2026-05-01/193007/run.log
[CRYPTO-PAPER-FORWARD]
- status: SUCCESS
- recommendations_count: 0
- fills_count: 0
- exits_count: 0
- total_equity: 101.993527
[ARCHIVE] artifacts/crypto_paper/archive/2026-05-01/200007
[ARCHIVE-METADATA] artifacts/crypto_paper/archive/2026-05-01/200007/run_metadata.json
[ARCHIVE-LOG] artifacts/crypto_paper/archive/2026-05-01/200007/run.log
[CRYPTO-PAPER-FORWARD]
- status: SUCCESS
- recommendations_count: 0
- fills_count: 0
- exits_count: 0
- total_equity: 101.971082
[ARCHIVE] artifacts/crypto_paper/archive/2026-05-02/030004
[ARCHIVE-METADATA] artifacts/crypto_paper/archive/2026-05-02/030004/run_metadata.json
[ARCHIVE-LOG] artifacts/crypto_paper/archive/2026-05-02/030004/run.log
[CRYPTO-PAPER-FORWARD]
- status: SUCCESS
- recommendations_count: 0
- fills_count: 0
- exits_count: 0
- total_equity: 101.985652
[ARCHIVE] artifacts/crypto_paper/archive/2026-05-02/033009
[ARCHIVE-METADATA] artifacts/crypto_paper/archive/2026-05-02/033009/run_metadata.json
[ARCHIVE-LOG] artifacts/crypto_paper/archive/2026-05-02/033009/run.log
[CRYPTO-PAPER-FORWARD]
- status: SUCCESS
- recommendations_count: 0
- fills_count: 0
- exits_count: 0
- total_equity: 102.029863
[ARCHIVE] artifacts/crypto_paper/archive/2026-05-02/040008
[ARCHIVE-METADATA] artifacts/crypto_paper/archive/2026-05-02/040008/run_metadata.json
[ARCHIVE-LOG] artifacts/crypto_paper/archive/2026-05-02/040008/run.log
[CRYPTO-PAPER-FORWARD]
- status: SUCCESS
- recommendations_count: 0
- fills_count: 0
- exits_count: 0
- total_equity: 101.878391
[ARCHIVE] artifacts/crypto_paper/archive/2026-05-02/043008
[ARCHIVE-METADATA] artifacts/crypto_paper/archive/2026-05-02/043008/run_metadata.json
[ARCHIVE-LOG] artifacts/crypto_paper/archive/2026-05-02/043008/run.log
[CRYPTO-PAPER-FORWARD]
- status: SUCCESS
- recommendations_count: 0
- fills_count: 0
- exits_count: 0
- total_equity: 102.260754
[ARCHIVE] artifacts/crypto_paper/archive/2026-05-03/163007
[ARCHIVE-METADATA] artifacts/crypto_paper/archive/2026-05-03/163007/run_metadata.json
[ARCHIVE-LOG] artifacts/crypto_paper/archive/2026-05-03/163007/run.log
[CRYPTO-PAPER-FORWARD]
- status: SUCCESS
- recommendations_count: 0
- fills_count: 0
- exits_count: 0
- total_equity: 102.227996
[ARCHIVE] artifacts/crypto_paper/archive/2026-05-03/170007
[ARCHIVE-METADATA] artifacts/crypto_paper/archive/2026-05-03/170007/run_metadata.json
[ARCHIVE-LOG] artifacts/crypto_paper/archive/2026-05-03/170007/run.log
[CRYPTO-PAPER-FORWARD]
- status: SUCCESS
- recommendations_count: 0
- fills_count: 0
- exits_count: 0
- total_equity: 102.331569
[ARCHIVE] artifacts/crypto_paper/archive/2026-05-03/173007
[ARCHIVE-METADATA] artifacts/crypto_paper/archive/2026-05-03/173007/run_metadata.json
[ARCHIVE-LOG] artifacts/crypto_paper/archive/2026-05-03/173007/run.log
[CRYPTO-PAPER-FORWARD]
- status: SUCCESS
- recommendations_count: 0
- fills_count: 0
- exits_count: 0
- total_equity: 100.642299
[ARCHIVE] artifacts/crypto_paper/archive/2026-05-04/223010
[ARCHIVE-METADATA] artifacts/crypto_paper/archive/2026-05-04/223010/run_metadata.json
[ARCHIVE-LOG] artifacts/crypto_paper/archive/2026-05-04/223010/run.log
[POST-RUN] dashboard ok=True exit=0 log=artifacts/crypto_paper/archive/2026-05-04/223010/dashboard.log
[POST-RUN] notify ok=True dry_run=False real_send=True exit=0 log=artifacts/crypto_paper/archive/2026-05-04/223010/notify.log
[CRYPTO-PAPER-FORWARD]
- status: SUCCESS
- recommendations_count: 0
- fills_count: 0
- exits_count: 0
- total_equity: 100.642299
[ARCHIVE] artifacts/crypto_paper/archive/2026-05-04/230008
[ARCHIVE-METADATA] artifacts/crypto_paper/archive/2026-05-04/230008/run_metadata.json
[ARCHIVE-LOG] artifacts/crypto_paper/archive/2026-05-04/230008/run.log
[POST-RUN] dashboard ok=True exit=0 log=artifacts/crypto_paper/archive/2026-05-04/230008/dashboard.log
[POST-RUN] notify ok=True dry_run=False real_send=True exit=0 log=artifacts/crypto_paper/archive/2026-05-04/230008/notify.log
[CRYPTO-PAPER-FORWARD]
- status: SUCCESS
- recommendations_count: 0
- fills_count: 0
- exits_count: 0
- total_equity: 100.642299
[ARCHIVE] artifacts/crypto_paper/archive/2026-05-04/233008
[ARCHIVE-METADATA] artifacts/crypto_paper/archive/2026-05-04/233008/run_metadata.json
[ARCHIVE-LOG] artifacts/crypto_paper/archive/2026-05-04/233008/run.log
[POST-RUN] dashboard ok=True exit=0 log=artifacts/crypto_paper/archive/2026-05-04/233008/dashboard.log
[POST-RUN] notify ok=True dry_run=False real_send=True exit=0 log=artifacts/crypto_paper/archive/2026-05-04/233008/notify.log
[CRYPTO-PAPER-FORWARD]
- status: SUCCESS
- recommendations_count: 0
- fills_count: 0
- exits_count: 0
- total_equity: 100.642299
[ARCHIVE] artifacts/crypto_paper/archive/2026-05-05/000008
[ARCHIVE-METADATA] artifacts/crypto_paper/archive/2026-05-05/000008/run_metadata.json
[ARCHIVE-LOG] artifacts/crypto_paper/archive/2026-05-05/000008/run.log
[POST-RUN] dashboard ok=True exit=0 log=artifacts/crypto_paper/archive/2026-05-05/000008/dashboard.log
[POST-RUN] notify ok=True dry_run=False real_send=True exit=0 log=artifacts/crypto_paper/archive/2026-05-05/000008/notify.log
[CRYPTO-PAPER-FORWARD]
- status: SUCCESS
- recommendations_count: 0
- fills_count: 0
- exits_count: 0
- total_equity: 100.642299
[ARCHIVE] artifacts/crypto_paper/archive/2026-05-05/003008
[ARCHIVE-METADATA] artifacts/crypto_paper/archive/2026-05-05/003008/run_metadata.json
[ARCHIVE-LOG] artifacts/crypto_paper/archive/2026-05-05/003008/run.log
[POST-RUN] dashboard ok=True exit=0 log=artifacts/crypto_paper/archive/2026-05-05/003008/dashboard.log
[POST-RUN] notify ok=True dry_run=False real_send=True exit=0 log=artifacts/crypto_paper/archive/2026-05-05/003008/notify.log
[CRYPTO-PAPER-FORWARD]
- status: SUCCESS
- recommendations_count: 0
- fills_count: 0
- exits_count: 0
- total_equity: 100.642299
[ARCHIVE] artifacts/crypto_paper/archive/2026-05-05/010005
[ARCHIVE-METADATA] artifacts/crypto_paper/archive/2026-05-05/010005/run_metadata.json
[ARCHIVE-LOG] artifacts/crypto_paper/archive/2026-05-05/010005/run.log
[POST-RUN] dashboard ok=True exit=0 log=artifacts/crypto_paper/archive/2026-05-05/010005/dashboard.log
[POST-RUN] notify ok=True dry_run=False real_send=True exit=0 log=artifacts/crypto_paper/archive/2026-05-05/010005/notify.log
[CRYPTO-PAPER-FORWARD]
- status: SUCCESS
- recommendations_count: 0
- fills_count: 0
- exits_count: 0
- total_equity: 100.642299
[ARCHIVE] artifacts/crypto_paper/archive/2026-05-05/013005
[ARCHIVE-METADATA] artifacts/crypto_paper/archive/2026-05-05/013005/run_metadata.json
[ARCHIVE-LOG] artifacts/crypto_paper/archive/2026-05-05/013005/run.log
[POST-RUN] dashboard ok=True exit=0 log=artifacts/crypto_paper/archive/2026-05-05/013005/dashboard.log
[POST-RUN] notify ok=True dry_run=False real_send=True exit=0 log=artifacts/crypto_paper/archive/2026-05-05/013005/notify.log
[CRYPTO-PAPER-FORWARD]
- status: SUCCESS
- recommendations_count: 0
- fills_count: 0
- exits_count: 0
- total_equity: 100.642299
[ARCHIVE] artifacts/crypto_paper/archive/2026-05-05/020008
[ARCHIVE-METADATA] artifacts/crypto_paper/archive/2026-05-05/020008/run_metadata.json
[ARCHIVE-LOG] artifacts/crypto_paper/archive/2026-05-05/020008/run.log
[POST-RUN] dashboard ok=True exit=0 log=artifacts/crypto_paper/archive/2026-05-05/020008/dashboard.log
[POST-RUN] notify ok=True dry_run=False real_send=True exit=0 log=artifacts/crypto_paper/archive/2026-05-05/020008/notify.log
[CRYPTO-PAPER-FORWARD]
- status: SUCCESS
- recommendations_count: 0
- fills_count: 0
- exits_count: 0
- total_equity: 100.642299
[ARCHIVE] artifacts/crypto_paper/archive/2026-05-05/103007
[ARCHIVE-METADATA] artifacts/crypto_paper/archive/2026-05-05/103007/run_metadata.json
[ARCHIVE-LOG] artifacts/crypto_paper/archive/2026-05-05/103007/run.log
[POST-RUN] dashboard ok=True exit=0 log=artifacts/crypto_paper/archive/2026-05-05/103007/dashboard.log
[POST-RUN] notify ok=True dry_run=False real_send=True exit=0 log=artifacts/crypto_paper/archive/2026-05-05/103007/notify.log
[CRYPTO-PAPER-FORWARD]
- status: SUCCESS
- recommendations_count: 1
- fills_count: 1
- exits_count: 0
- total_equity: 100.604802
[ARCHIVE] artifacts/crypto_paper/archive/2026-05-05/110007
[ARCHIVE-METADATA] artifacts/crypto_paper/archive/2026-05-05/110007/run_metadata.json
[ARCHIVE-LOG] artifacts/crypto_paper/archive/2026-05-05/110007/run.log
[POST-RUN] dashboard ok=True exit=0 log=artifacts/crypto_paper/archive/2026-05-05/110007/dashboard.log
[POST-RUN] notify ok=True dry_run=False real_send=True exit=0 log=artifacts/crypto_paper/archive/2026-05-05/110007/notify.log
[CRYPTO-PAPER-FORWARD]
- status: SUCCESS
- recommendations_count: 1
- fills_count: 1
- exits_count: 0
- total_equity: 100.606142
[ARCHIVE] artifacts/crypto_paper/archive/2026-05-05/113007
[ARCHIVE-METADATA] artifacts/crypto_paper/archive/2026-05-05/113007/run_metadata.json
[ARCHIVE-LOG] artifacts/crypto_paper/archive/2026-05-05/113007/run.log
[POST-RUN] dashboard ok=True exit=0 log=artifacts/crypto_paper/archive/2026-05-05/113007/dashboard.log
[POST-RUN] notify ok=True dry_run=False real_send=True exit=0 log=artifacts/crypto_paper/archive/2026-05-05/113007/notify.log
[CRYPTO-PAPER-FORWARD]
- status: SUCCESS
- recommendations_count: 0
- fills_count: 0
- exits_count: 0
- total_equity: 100.635005
[ARCHIVE] artifacts/crypto_paper/archive/2026-05-05/120005
[ARCHIVE-METADATA] artifacts/crypto_paper/archive/2026-05-05/120005/run_metadata.json
[ARCHIVE-LOG] artifacts/crypto_paper/archive/2026-05-05/120005/run.log
[POST-RUN] dashboard ok=True exit=0 log=artifacts/crypto_paper/archive/2026-05-05/120005/dashboard.log
[POST-RUN] notify ok=True dry_run=False real_send=True exit=0 log=artifacts/crypto_paper/archive/2026-05-05/120005/notify.log
[CRYPTO-PAPER-FORWARD]
- status: SUCCESS
- recommendations_count: 1
- fills_count: 1
- exits_count: 0
- total_equity: 100.747526
[ARCHIVE] artifacts/crypto_paper/archive/2026-05-05/123007
[ARCHIVE-METADATA] artifacts/crypto_paper/archive/2026-05-05/123007/run_metadata.json
[ARCHIVE-LOG] artifacts/crypto_paper/archive/2026-05-05/123007/run.log
[POST-RUN] dashboard ok=True exit=0 log=artifacts/crypto_paper/archive/2026-05-05/123007/dashboard.log
[POST-RUN] notify ok=True dry_run=False real_send=True exit=0 log=artifacts/crypto_paper/archive/2026-05-05/123007/notify.log
[CRYPTO-PAPER-FORWARD]
- status: SUCCESS
- recommendations_count: 0
- fills_count: 0
- exits_count: 0
- total_equity: 100.774416
[ARCHIVE] artifacts/crypto_paper/archive/2026-05-05/130007
[ARCHIVE-METADATA] artifacts/crypto_paper/archive/2026-05-05/130007/run_metadata.json
[ARCHIVE-LOG] artifacts/crypto_paper/archive/2026-05-05/130007/run.log
[POST-RUN] dashboard ok=True exit=0 log=artifacts/crypto_paper/archive/2026-05-05/130007/dashboard.log
[POST-RUN] notify ok=True dry_run=False real_send=True exit=0 log=artifacts/crypto_paper/archive/2026-05-05/130007/notify.log
[CRYPTO-PAPER-FORWARD]
- status: SUCCESS
- recommendations_count: 0
- fills_count: 0
- exits_count: 0
- total_equity: 100.914143
[ARCHIVE] artifacts/crypto_paper/archive/2026-05-05/133009
[ARCHIVE-METADATA] artifacts/crypto_paper/archive/2026-05-05/133009/run_metadata.json
[ARCHIVE-LOG] artifacts/crypto_paper/archive/2026-05-05/133009/run.log
[POST-RUN] dashboard ok=True exit=0 log=artifacts/crypto_paper/archive/2026-05-05/133009/dashboard.log
[POST-RUN] notify ok=True dry_run=False real_send=True exit=0 log=artifacts/crypto_paper/archive/2026-05-05/133009/notify.log
[CRYPTO-PAPER-FORWARD]
- status: SUCCESS
- recommendations_count: 0
- fills_count: 0
- exits_count: 0
- total_equity: 100.768143
[ARCHIVE] artifacts/crypto_paper/archive/2026-05-05/140005
[ARCHIVE-METADATA] artifacts/crypto_paper/archive/2026-05-05/140005/run_metadata.json
[ARCHIVE-LOG] artifacts/crypto_paper/archive/2026-05-05/140005/run.log
[POST-RUN] dashboard ok=True exit=0 log=artifacts/crypto_paper/archive/2026-05-05/140005/dashboard.log
[POST-RUN] notify ok=True dry_run=False real_send=True exit=0 log=artifacts/crypto_paper/archive/2026-05-05/140005/notify.log
[CRYPTO-PAPER-FORWARD]
- status: SUCCESS
- recommendations_count: 1
- fills_count: 1
- exits_count: 0
- total_equity: 100.891094
[ARCHIVE] artifacts/crypto_paper/archive/2026-05-05/143009
[ARCHIVE-METADATA] artifacts/crypto_paper/archive/2026-05-05/143009/run_metadata.json
[ARCHIVE-LOG] artifacts/crypto_paper/archive/2026-05-05/143009/run.log
[POST-RUN] dashboard ok=True exit=0 log=artifacts/crypto_paper/archive/2026-05-05/143009/dashboard.log
[POST-RUN] notify ok=True dry_run=False real_send=True exit=0 log=artifacts/crypto_paper/archive/2026-05-05/143009/notify.log
[CRYPTO-PAPER-FORWARD]
- status: SUCCESS
- recommendations_count: 0
- fills_count: 0
- exits_count: 0
- total_equity: 100.754485
[ARCHIVE] artifacts/crypto_paper/archive/2026-05-05/150009
[ARCHIVE-METADATA] artifacts/crypto_paper/archive/2026-05-05/150009/run_metadata.json
[ARCHIVE-LOG] artifacts/crypto_paper/archive/2026-05-05/150009/run.log
[POST-RUN] dashboard ok=True exit=0 log=artifacts/crypto_paper/archive/2026-05-05/150009/dashboard.log
[POST-RUN] notify ok=True dry_run=False real_send=True exit=0 log=artifacts/crypto_paper/archive/2026-05-05/150009/notify.log
[CRYPTO-PAPER-FORWARD]
- status: SUCCESS
- recommendations_count: 0
- fills_count: 0
- exits_count: 0
- total_equity: 101.148123
[ARCHIVE] artifacts/crypto_paper/archive/2026-05-05/153008
[ARCHIVE-METADATA] artifacts/crypto_paper/archive/2026-05-05/153008/run_metadata.json
[ARCHIVE-LOG] artifacts/crypto_paper/archive/2026-05-05/153008/run.log
[POST-RUN] dashboard ok=True exit=0 log=artifacts/crypto_paper/archive/2026-05-05/153008/dashboard.log
[POST-RUN] notify ok=True dry_run=False real_send=True exit=0 log=artifacts/crypto_paper/archive/2026-05-05/153008/notify.log
[CRYPTO-PAPER-FORWARD]
- status: SUCCESS
- recommendations_count: 0
- fills_count: 0
- exits_count: 0
- total_equity: 101.067958
[ARCHIVE] artifacts/crypto_paper/archive/2026-05-05/160005
[ARCHIVE-METADATA] artifacts/crypto_paper/archive/2026-05-05/160005/run_metadata.json
[ARCHIVE-LOG] artifacts/crypto_paper/archive/2026-05-05/160005/run.log
[POST-RUN] dashboard ok=True exit=0 log=artifacts/crypto_paper/archive/2026-05-05/160005/dashboard.log
[POST-RUN] notify ok=True dry_run=False real_send=True exit=0 log=artifacts/crypto_paper/archive/2026-05-05/160005/notify.log
[CRYPTO-PAPER-FORWARD]
- status: SUCCESS
- recommendations_count: 0
- fills_count: 0
- exits_count: 0
- total_equity: 100.830694
[ARCHIVE] artifacts/crypto_paper/archive/2026-05-05/163008
[ARCHIVE-METADATA] artifacts/crypto_paper/archive/2026-05-05/163008/run_metadata.json
[ARCHIVE-LOG] artifacts/crypto_paper/archive/2026-05-05/163008/run.log
[POST-RUN] dashboard ok=True exit=0 log=artifacts/crypto_paper/archive/2026-05-05/163008/dashboard.log
[POST-RUN] notify ok=True dry_run=False real_send=True exit=0 log=artifacts/crypto_paper/archive/2026-05-05/163008/notify.log
[CRYPTO-PAPER-FORWARD]
- status: SUCCESS
- recommendations_count: 0
- fills_count: 0
- exits_count: 0
- total_equity: 100.690770
[ARCHIVE] artifacts/crypto_paper/archive/2026-05-05/170008
[ARCHIVE-METADATA] artifacts/crypto_paper/archive/2026-05-05/170008/run_metadata.json
[ARCHIVE-LOG] artifacts/crypto_paper/archive/2026-05-05/170008/run.log
[POST-RUN] dashboard ok=True exit=0 log=artifacts/crypto_paper/archive/2026-05-05/170008/dashboard.log
[POST-RUN] notify ok=True dry_run=False real_send=True exit=0 log=artifacts/crypto_paper/archive/2026-05-05/170008/notify.log
[CRYPTO-PAPER-FORWARD]
- status: SUCCESS
- recommendations_count: 0
- fills_count: 0
- exits_count: 0
- total_equity: 100.845209
[ARCHIVE] artifacts/crypto_paper/archive/2026-05-05/173009
[ARCHIVE-METADATA] artifacts/crypto_paper/archive/2026-05-05/173009/run_metadata.json
[ARCHIVE-LOG] artifacts/crypto_paper/archive/2026-05-05/173009/run.log
[POST-RUN] dashboard ok=True exit=0 log=artifacts/crypto_paper/archive/2026-05-05/173009/dashboard.log
[POST-RUN] notify ok=True dry_run=False real_send=True exit=0 log=artifacts/crypto_paper/archive/2026-05-05/173009/notify.log
[CRYPTO-PAPER-FORWARD]
- status: SUCCESS
- recommendations_count: 0
- fills_count: 0
- exits_count: 0
- total_equity: 100.729188
[ARCHIVE] artifacts/crypto_paper/archive/2026-05-05/180008
[ARCHIVE-METADATA] artifacts/crypto_paper/archive/2026-05-05/180008/run_metadata.json
[ARCHIVE-LOG] artifacts/crypto_paper/archive/2026-05-05/180008/run.log
[POST-RUN] dashboard ok=True exit=0 log=artifacts/crypto_paper/archive/2026-05-05/180008/dashboard.log
[POST-RUN] notify ok=True dry_run=False real_send=True exit=0 log=artifacts/crypto_paper/archive/2026-05-05/180008/notify.log
[CRYPTO-PAPER-FORWARD]
- status: SUCCESS
- recommendations_count: 0
- fills_count: 0
- exits_count: 0
- total_equity: 100.892523
[ARCHIVE] artifacts/crypto_paper/archive/2026-05-05/183005
[ARCHIVE-METADATA] artifacts/crypto_paper/archive/2026-05-05/183005/run_metadata.json
[ARCHIVE-LOG] artifacts/crypto_paper/archive/2026-05-05/183005/run.log
[POST-RUN] dashboard ok=True exit=0 log=artifacts/crypto_paper/archive/2026-05-05/183005/dashboard.log
[POST-RUN] notify ok=True dry_run=False real_send=True exit=0 log=artifacts/crypto_paper/archive/2026-05-05/183005/notify.log
[CRYPTO-PAPER-FORWARD]
- status: SUCCESS
- recommendations_count: 0
- fills_count: 0
- exits_count: 0
- total_equity: 100.977937
[ARCHIVE] artifacts/crypto_paper/archive/2026-05-05/190008
[ARCHIVE-METADATA] artifacts/crypto_paper/archive/2026-05-05/190008/run_metadata.json
[ARCHIVE-LOG] artifacts/crypto_paper/archive/2026-05-05/190008/run.log
[POST-RUN] dashboard ok=True exit=0 log=artifacts/crypto_paper/archive/2026-05-05/190008/dashboard.log
[POST-RUN] notify ok=True dry_run=False real_send=True exit=0 log=artifacts/crypto_paper/archive/2026-05-05/190008/notify.log
[CRYPTO-PAPER-FORWARD]
- status: SUCCESS
- recommendations_count: 0
- fills_count: 0
- exits_count: 0
- total_equity: 100.985317
[ARCHIVE] artifacts/crypto_paper/archive/2026-05-05/193005
[ARCHIVE-METADATA] artifacts/crypto_paper/archive/2026-05-05/193005/run_metadata.json
[ARCHIVE-LOG] artifacts/crypto_paper/archive/2026-05-05/193005/run.log
[POST-RUN] dashboard ok=True exit=0 log=artifacts/crypto_paper/archive/2026-05-05/193005/dashboard.log
[POST-RUN] notify ok=True dry_run=False real_send=True exit=0 log=artifacts/crypto_paper/archive/2026-05-05/193005/notify.log
[CRYPTO-PAPER-FORWARD]
- status: SUCCESS
- recommendations_count: 0
- fills_count: 0
- exits_count: 0
- total_equity: 101.129357
[ARCHIVE] artifacts/crypto_paper/archive/2026-05-05/200008
[ARCHIVE-METADATA] artifacts/crypto_paper/archive/2026-05-05/200008/run_metadata.json
[ARCHIVE-LOG] artifacts/crypto_paper/archive/2026-05-05/200008/run.log
[POST-RUN] dashboard ok=True exit=0 log=artifacts/crypto_paper/archive/2026-05-05/200008/dashboard.log
[POST-RUN] notify ok=True dry_run=False real_send=True exit=0 log=artifacts/crypto_paper/archive/2026-05-05/200008/notify.log
[CRYPTO-PAPER-FORWARD]
- status: SUCCESS
- recommendations_count: 0
- fills_count: 0
- exits_count: 0
- total_equity: 101.026767
[ARCHIVE] artifacts/crypto_paper/archive/2026-05-05/203007
[ARCHIVE-METADATA] artifacts/crypto_paper/archive/2026-05-05/203007/run_metadata.json
[ARCHIVE-LOG] artifacts/crypto_paper/archive/2026-05-05/203007/run.log
[POST-RUN] dashboard ok=True exit=0 log=artifacts/crypto_paper/archive/2026-05-05/203007/dashboard.log
[POST-RUN] notify ok=True dry_run=False real_send=True exit=0 log=artifacts/crypto_paper/archive/2026-05-05/203007/notify.log
[CRYPTO-PAPER-FORWARD]
- status: SUCCESS
- recommendations_count: 0
- fills_count: 0
- exits_count: 0
- total_equity: 101.143675
[ARCHIVE] artifacts/crypto_paper/archive/2026-05-05/210007
[ARCHIVE-METADATA] artifacts/crypto_paper/archive/2026-05-05/210007/run_metadata.json
[ARCHIVE-LOG] artifacts/crypto_paper/archive/2026-05-05/210007/run.log
[POST-RUN] dashboard ok=True exit=0 log=artifacts/crypto_paper/archive/2026-05-05/210007/dashboard.log
[POST-RUN] notify ok=True dry_run=False real_send=True exit=0 log=artifacts/crypto_paper/archive/2026-05-05/210007/notify.log
[CRYPTO-PAPER-FORWARD]
- status: SUCCESS
- recommendations_count: 0
- fills_count: 0
- exits_count: 0
- total_equity: 100.887952
[ARCHIVE] artifacts/crypto_paper/archive/2026-05-05/223007
[ARCHIVE-METADATA] artifacts/crypto_paper/archive/2026-05-05/223007/run_metadata.json
[ARCHIVE-LOG] artifacts/crypto_paper/archive/2026-05-05/223007/run.log
[POST-RUN] dashboard ok=True exit=0 log=artifacts/crypto_paper/archive/2026-05-05/223007/dashboard.log
[POST-RUN] notify ok=True dry_run=False real_send=True exit=0 log=artifacts/crypto_paper/archive/2026-05-05/223007/notify.log
