# command
/home/naguilar/projects/quant-trading-bot/.venv/bin/python -m src.tools.build_crypto_paper_dashboard --artifacts-dir artifacts/crypto_paper --rebuild-semantic
# exit_code: 1
# error: 
# stdout

# stderr
Traceback (most recent call last):
  File "<frozen runpy>", line 198, in _run_module_as_main
  File "<frozen runpy>", line 88, in _run_code
  File "/home/naguilar/projects/quant-trading-bot/src/tools/build_crypto_paper_dashboard.py", line 570, in <module>
    raise SystemExit(main())
                     ^^^^^^
  File "/home/naguilar/projects/quant-trading-bot/src/tools/build_crypto_paper_dashboard.py", line 555, in main
    result = build_crypto_paper_dashboard(
             ^^^^^^^^^^^^^^^^^^^^^^^^^^^^^
  File "/home/naguilar/projects/quant-trading-bot/src/tools/build_crypto_paper_dashboard.py", line 84, in build_crypto_paper_dashboard
    semantic_layer = _load_or_build_semantic_layer(
                     ^^^^^^^^^^^^^^^^^^^^^^^^^^^^^^
  File "/home/naguilar/projects/quant-trading-bot/src/tools/build_crypto_paper_dashboard.py", line 226, in _load_or_build_semantic_layer
    return build_semantic_layer(
           ^^^^^^^^^^^^^^^^^^^^^
  File "/home/naguilar/projects/quant-trading-bot/src/reports/crypto_paper_semantics.py", line 208, in build_semantic_layer
    _emit_signal_only_events(
    ^^^^^^^^^^^^^^^^^^^^^^^^
NameError: name '_emit_signal_only_events' is not defined
